30:15.196[SpringJUnit4ClassRunner.java:106:DEBUG] SpringJUnit4ClassRunner constructor called with [class cn.huhu.web.test.TestRetryService].
30:15.231[DelegatingSmartContextLoader.java:75 :DEBUG] Delegating to GenericXmlContextLoader to process context configuration [ContextConfigurationAttributes@7c75222b declaringClass = 'cn.huhu.web.test.TestRetryService', locations = '{classpath:applicationContext.xml, classpath:spring-mvc.xml}', classes = '{}', inheritLocations = true, contextLoaderClass = 'org.springframework.test.context.ContextLoader'].
30:15.235[ ContextLoaderUtils.java:236:DEBUG] Could not find an 'annotation declaring class' for annotation type [interface org.springframework.test.context.ActiveProfiles] and class [class cn.huhu.web.test.TestRetryService]
30:15.237[ TestContextManager.java:185:INFO ] @TestExecutionListeners is not present for class [class cn.huhu.web.test.TestRetryService]: using defaults.
30:15.254[  ProfileValueUtils.java:68 :DEBUG] Retrieved @ProfileValueSourceConfiguration [null] for test class [cn.huhu.web.test.TestRetryService]
30:15.254[  ProfileValueUtils.java:80 :DEBUG] Retrieved ProfileValueSource type [class org.springframework.test.annotation.SystemProfileValueSource] for class [cn.huhu.web.test.TestRetryService]
30:15.272[  ProfileValueUtils.java:68 :DEBUG] Retrieved @ProfileValueSourceConfiguration [null] for test class [cn.huhu.web.test.TestRetryService]
30:15.273[  ProfileValueUtils.java:80 :DEBUG] Retrieved ProfileValueSource type [class org.springframework.test.annotation.SystemProfileValueSource] for class [cn.huhu.web.test.TestRetryService]
30:15.282[  ProfileValueUtils.java:68 :DEBUG] Retrieved @ProfileValueSourceConfiguration [null] for test class [cn.huhu.web.test.TestRetryService]
30:15.283[  ProfileValueUtils.java:80 :DEBUG] Retrieved ProfileValueSource type [class org.springframework.test.annotation.SystemProfileValueSource] for class [cn.huhu.web.test.TestRetryService]
30:15.284[  ProfileValueUtils.java:68 :DEBUG] Retrieved @ProfileValueSourceConfiguration [null] for test class [cn.huhu.web.test.TestRetryService]
30:15.285[  ProfileValueUtils.java:80 :DEBUG] Retrieved ProfileValueSource type [class org.springframework.test.annotation.SystemProfileValueSource] for class [cn.huhu.web.test.TestRetryService]
30:15.287[  ProfileValueUtils.java:68 :DEBUG] Retrieved @ProfileValueSourceConfiguration [null] for test class [cn.huhu.web.test.TestRetryService]
30:15.287[  ProfileValueUtils.java:80 :DEBUG] Retrieved ProfileValueSource type [class org.springframework.test.annotation.SystemProfileValueSource] for class [cn.huhu.web.test.TestRetryService]
30:15.289[DependencyInjectionTestExecutionListener.java:73 :DEBUG] Performing dependency injection for test context [[TestContext@3cbbc1e0 testClass = TestRetryService, testInstance = cn.huhu.web.test.TestRetryService@35fb3008, testMethod = [null], testException = [null], mergedContextConfiguration = [MergedContextConfiguration@7225790e testClass = TestRetryService, locations = '{classpath:applicationContext.xml, classpath:spring-mvc.xml}', classes = '{}', activeProfiles = '{}', contextLoader = 'org.springframework.test.context.support.DelegatingSmartContextLoader']]].
30:15.290[DelegatingSmartContextLoader.java:226:DEBUG] Delegating to GenericXmlContextLoader to load context from [MergedContextConfiguration@7225790e testClass = TestRetryService, locations = '{classpath:applicationContext.xml, classpath:spring-mvc.xml}', classes = '{}', activeProfiles = '{}', contextLoader = 'org.springframework.test.context.support.DelegatingSmartContextLoader'].
30:15.294[AbstractGenericContextLoader.java:93 :DEBUG] Loading ApplicationContext for merged context configuration [[MergedContextConfiguration@7225790e testClass = TestRetryService, locations = '{classpath:applicationContext.xml, classpath:spring-mvc.xml}', classes = '{}', activeProfiles = '{}', contextLoader = 'org.springframework.test.context.support.DelegatingSmartContextLoader']].
30:15.334[AbstractEnvironment.java:114:DEBUG] Initializing new StandardEnvironment
30:15.335[MutablePropertySources.java:104:DEBUG] Adding [systemProperties] PropertySource with lowest search precedence
30:15.337[MutablePropertySources.java:104:DEBUG] Adding [systemEnvironment] PropertySource with lowest search precedence
30:15.338[AbstractEnvironment.java:120:DEBUG] Initialized StandardEnvironment with PropertySources [systemProperties,systemEnvironment]
30:15.367[AbstractEnvironment.java:114:DEBUG] Initializing new StandardEnvironment
30:15.367[MutablePropertySources.java:104:DEBUG] Adding [systemProperties] PropertySource with lowest search precedence
30:15.368[MutablePropertySources.java:104:DEBUG] Adding [systemEnvironment] PropertySource with lowest search precedence
30:15.368[AbstractEnvironment.java:120:DEBUG] Initialized StandardEnvironment with PropertySources [systemProperties,systemEnvironment]
30:15.373[XmlBeanDefinitionReader.java:315:INFO ] Loading XML bean definitions from class path resource [applicationContext.xml]
30:15.394[DefaultDocumentLoader.java:72 :DEBUG] Using JAXP provider [com.sun.org.apache.xerces.internal.jaxp.DocumentBuilderFactoryImpl]
30:15.428[PluggableSchemaResolver.java:140:DEBUG] Loading schema mappings from [META-INF/spring.schemas]
30:15.434[PluggableSchemaResolver.java:146:DEBUG] Loaded schema mappings: {http://www.springframework.org/schema/util/spring-util.xsd=org/springframework/beans/factory/xml/spring-util-3.1.xsd, http://www.springframework.org/schema/mvc/spring-mvc-3.1.xsd=org/springframework/web/servlet/config/spring-mvc-3.1.xsd, http://www.springframework.org/schema/task/spring-task.xsd=org/springframework/scheduling/config/spring-task-3.1.xsd, http://www.springframework.org/schema/beans/spring-beans-3.1.xsd=org/springframework/beans/factory/xml/spring-beans-3.1.xsd, http://www.springframework.org/schema/cache/spring-cache.xsd=org/springframework/cache/config/spring-cache-3.1.xsd, http://www.springframework.org/schema/aop/spring-aop-3.0.xsd=org/springframework/aop/config/spring-aop-3.0.xsd, http://www.springframework.org/schema/aop/spring-aop-2.0.xsd=org/springframework/aop/config/spring-aop-2.0.xsd, http://www.springframework.org/schema/task/spring-task-3.1.xsd=org/springframework/scheduling/config/spring-task-3.1.xsd, http://www.springframework.org/schema/tool/spring-tool-2.5.xsd=org/springframework/beans/factory/xml/spring-tool-2.5.xsd, http://www.springframework.org/schema/beans/spring-beans.xsd=org/springframework/beans/factory/xml/spring-beans-3.1.xsd, http://www.springframework.org/schema/jee/spring-jee-2.5.xsd=org/springframework/ejb/config/spring-jee-2.5.xsd, http://www.springframework.org/schema/jdbc/spring-jdbc-3.1.xsd=org/springframework/jdbc/config/spring-jdbc-3.1.xsd, http://www.springframework.org/schema/tool/spring-tool-3.1.xsd=org/springframework/beans/factory/xml/spring-tool-3.1.xsd, http://www.springframework.org/schema/aop/spring-aop.xsd=org/springframework/aop/config/spring-aop-3.1.xsd, http://www.springframework.org/schema/jee/spring-jee-3.1.xsd=org/springframework/ejb/config/spring-jee-3.1.xsd, http://www.springframework.org/schema/beans/spring-beans-2.0.xsd=org/springframework/beans/factory/xml/spring-beans-2.0.xsd, http://www.springframework.org/schema/mvc/spring-mvc-3.0.xsd=org/springframework/web/servlet/config/spring-mvc-3.0.xsd, http://www.springframework.org/schema/beans/spring-beans-3.0.xsd=org/springframework/beans/factory/xml/spring-beans-3.0.xsd, http://www.springframework.org/schema/task/spring-task-3.0.xsd=org/springframework/scheduling/config/spring-task-3.0.xsd, http://www.springframework.org/schema/tx/spring-tx-2.5.xsd=org/springframework/transaction/config/spring-tx-2.5.xsd, http://www.springframework.org/schema/context/spring-context-2.5.xsd=org/springframework/context/config/spring-context-2.5.xsd, http://www.springframework.org/schema/jdbc/spring-jdbc-3.0.xsd=org/springframework/jdbc/config/spring-jdbc-3.0.xsd, http://www.springframework.org/schema/tool/spring-tool-3.0.xsd=org/springframework/beans/factory/xml/spring-tool-3.0.xsd, http://www.springframework.org/schema/lang/spring-lang.xsd=org/springframework/scripting/config/spring-lang-3.1.xsd, http://www.springframework.org/schema/tx/spring-tx.xsd=org/springframework/transaction/config/spring-tx-3.1.xsd, http://www.springframework.org/schema/tool/spring-tool-2.0.xsd=org/springframework/beans/factory/xml/spring-tool-2.0.xsd, http://www.springframework.org/schema/util/spring-util-2.5.xsd=org/springframework/beans/factory/xml/spring-util-2.5.xsd, http://www.springframework.org/schema/lang/spring-lang-2.5.xsd=org/springframework/scripting/config/spring-lang-2.5.xsd, http://www.springframework.org/schema/jee/spring-jee-3.0.xsd=org/springframework/ejb/config/spring-jee-3.0.xsd, http://www.springframework.org/schema/jee/spring-jee-2.0.xsd=org/springframework/ejb/config/spring-jee-2.0.xsd, http://www.springframework.org/schema/tx/spring-tx-3.1.xsd=org/springframework/transaction/config/spring-tx-3.1.xsd, http://www.springframework.org/schema/context/spring-context-3.1.xsd=org/springframework/context/config/spring-context-3.1.xsd, http://www.springframework.org/schema/util/spring-util-3.1.xsd=org/springframework/beans/factory/xml/spring-util-3.1.xsd, http://www.springframework.org/schema/lang/spring-lang-3.1.xsd=org/springframework/scripting/config/spring-lang-3.1.xsd, http://www.springframework.org/schema/cache/spring-cache-3.1.xsd=org/springframework/cache/config/spring-cache-3.1.xsd, http://www.springframework.org/schema/context/spring-context.xsd=org/springframework/context/config/spring-context-3.1.xsd, http://www.springframework.org/schema/jee/spring-jee.xsd=org/springframework/ejb/config/spring-jee-3.1.xsd, http://www.springframework.org/schema/aop/spring-aop-2.5.xsd=org/springframework/aop/config/spring-aop-2.5.xsd, http://www.springframework.org/schema/mvc/spring-mvc.xsd=org/springframework/web/servlet/config/spring-mvc-3.1.xsd, http://www.springframework.org/schema/jdbc/spring-jdbc.xsd=org/springframework/jdbc/config/spring-jdbc-3.1.xsd, http://www.springframework.org/schema/aop/spring-aop-3.1.xsd=org/springframework/aop/config/spring-aop-3.1.xsd, http://www.springframework.org/schema/tx/spring-tx-2.0.xsd=org/springframework/transaction/config/spring-tx-2.0.xsd, http://www.springframework.org/schema/tx/spring-tx-3.0.xsd=org/springframework/transaction/config/spring-tx-3.0.xsd, http://www.springframework.org/schema/context/spring-context-3.0.xsd=org/springframework/context/config/spring-context-3.0.xsd, http://www.springframework.org/schema/tool/spring-tool.xsd=org/springframework/beans/factory/xml/spring-tool-3.1.xsd, http://www.springframework.org/schema/util/spring-util-3.0.xsd=org/springframework/beans/factory/xml/spring-util-3.0.xsd, http://www.springframework.org/schema/lang/spring-lang-3.0.xsd=org/springframework/scripting/config/spring-lang-3.0.xsd, http://www.springframework.org/schema/util/spring-util-2.0.xsd=org/springframework/beans/factory/xml/spring-util-2.0.xsd, http://www.springframework.org/schema/lang/spring-lang-2.0.xsd=org/springframework/scripting/config/spring-lang-2.0.xsd, http://www.springframework.org/schema/beans/spring-beans-2.5.xsd=org/springframework/beans/factory/xml/spring-beans-2.5.xsd}
30:15.436[PluggableSchemaResolver.java:118:DEBUG] Found XML schema [http://www.springframework.org/schema/beans/spring-beans-3.1.xsd] in classpath: org/springframework/beans/factory/xml/spring-beans-3.1.xsd
30:15.474[PluggableSchemaResolver.java:118:DEBUG] Found XML schema [http://www.springframework.org/schema/context/spring-context-3.1.xsd] in classpath: org/springframework/context/config/spring-context-3.1.xsd
30:15.480[PluggableSchemaResolver.java:118:DEBUG] Found XML schema [http://www.springframework.org/schema/tool/spring-tool-3.1.xsd] in classpath: org/springframework/beans/factory/xml/spring-tool-3.1.xsd
30:15.486[PluggableSchemaResolver.java:118:DEBUG] Found XML schema [http://www.springframework.org/schema/aop/spring-aop-3.1.xsd] in classpath: org/springframework/aop/config/spring-aop-3.1.xsd
30:15.492[PluggableSchemaResolver.java:118:DEBUG] Found XML schema [http://www.springframework.org/schema/tx/spring-tx-3.1.xsd] in classpath: org/springframework/transaction/config/spring-tx-3.1.xsd
30:15.496[DefaultBeanDefinitionDocumentReader.java:108:DEBUG] Loading bean definitions
30:15.505[DefaultNamespaceHandlerResolver.java:156:DEBUG] Loaded NamespaceHandler mappings: {http://www.springframework.org/schema/p=org.springframework.beans.factory.xml.SimplePropertyNamespaceHandler, http://www.springframework.org/schema/mvc=org.springframework.web.servlet.config.MvcNamespaceHandler, http://www.springframework.org/schema/util=org.springframework.beans.factory.xml.UtilNamespaceHandler, http://www.springframework.org/schema/jee=org.springframework.ejb.config.JeeNamespaceHandler, http://www.springframework.org/schema/aop=org.springframework.aop.config.AopNamespaceHandler, http://www.springframework.org/schema/jdbc=org.springframework.jdbc.config.JdbcNamespaceHandler, http://www.springframework.org/schema/cache=org.springframework.cache.config.CacheNamespaceHandler, http://www.springframework.org/schema/c=org.springframework.beans.factory.xml.SimpleConstructorNamespaceHandler, http://www.springframework.org/schema/tx=org.springframework.transaction.config.TxNamespaceHandler, http://www.springframework.org/schema/task=org.springframework.scheduling.config.TaskNamespaceHandler, http://www.springframework.org/schema/lang=org.springframework.scripting.config.LangNamespaceHandler, http://www.springframework.org/schema/context=org.springframework.context.config.ContextNamespaceHandler}
30:15.516[PathMatchingResourcePatternResolver.java:550:DEBUG] Looking for matching resources in directory tree [/Users/huhu.shi/Documents/workspace/spring-retry/target/classes/cn/huhu]
30:15.517[PathMatchingResourcePatternResolver.java:612:DEBUG] Searching directory [/Users/huhu.shi/Documents/workspace/spring-retry/target/classes/cn/huhu] for files matching pattern [/Users/huhu.shi/Documents/workspace/spring-retry/target/classes/cn/huhu/**/*.class]
30:15.518[PathMatchingResourcePatternResolver.java:612:DEBUG] Searching directory [/Users/huhu.shi/Documents/workspace/spring-retry/target/classes/cn/huhu/web] for files matching pattern [/Users/huhu.shi/Documents/workspace/spring-retry/target/classes/cn/huhu/**/*.class]
30:15.519[PathMatchingResourcePatternResolver.java:612:DEBUG] Searching directory [/Users/huhu.shi/Documents/workspace/spring-retry/target/classes/cn/huhu/web/test] for files matching pattern [/Users/huhu.shi/Documents/workspace/spring-retry/target/classes/cn/huhu/**/*.class]
30:15.520[PathMatchingResourcePatternResolver.java:612:DEBUG] Searching directory [/Users/huhu.shi/Documents/workspace/spring-retry/target/classes/cn/huhu/web/config] for files matching pattern [/Users/huhu.shi/Documents/workspace/spring-retry/target/classes/cn/huhu/**/*.class]
30:15.521[PathMatchingResourcePatternResolver.java:612:DEBUG] Searching directory [/Users/huhu.shi/Documents/workspace/spring-retry/target/classes/cn/huhu/web/controller] for files matching pattern [/Users/huhu.shi/Documents/workspace/spring-retry/target/classes/cn/huhu/**/*.class]
30:15.521[PathMatchingResourcePatternResolver.java:612:DEBUG] Searching directory [/Users/huhu.shi/Documents/workspace/spring-retry/target/classes/cn/huhu/web/service] for files matching pattern [/Users/huhu.shi/Documents/workspace/spring-retry/target/classes/cn/huhu/**/*.class]
30:15.522[PathMatchingResourcePatternResolver.java:612:DEBUG] Searching directory [/Users/huhu.shi/Documents/workspace/spring-retry/target/classes/cn/huhu/web/service/impl] for files matching pattern [/Users/huhu.shi/Documents/workspace/spring-retry/target/classes/cn/huhu/**/*.class]
30:15.524[PathMatchingResourcePatternResolver.java:351:DEBUG] Resolved location pattern [classpath*:cn/huhu/**/*.class] to resources [file [/Users/huhu.shi/Documents/workspace/spring-retry/target/classes/cn/huhu/web/test/TestRetryService.class], file [/Users/huhu.shi/Documents/workspace/spring-retry/target/classes/cn/huhu/web/config/RetryConfig.class], file [/Users/huhu.shi/Documents/workspace/spring-retry/target/classes/cn/huhu/web/controller/IndexController.class], file [/Users/huhu.shi/Documents/workspace/spring-retry/target/classes/cn/huhu/web/service/impl/RetryServiceImpl.class], file [/Users/huhu.shi/Documents/workspace/spring-retry/target/classes/cn/huhu/web/service/RetryService.class]]
30:15.549[ClassPathScanningCandidateComponentProvider.java:244:DEBUG] Identified candidate component class: file [/Users/huhu.shi/Documents/workspace/spring-retry/target/classes/cn/huhu/web/config/RetryConfig.class]
30:15.553[ClassPathScanningCandidateComponentProvider.java:244:DEBUG] Identified candidate component class: file [/Users/huhu.shi/Documents/workspace/spring-retry/target/classes/cn/huhu/web/controller/IndexController.class]
30:15.556[ClassPathScanningCandidateComponentProvider.java:244:DEBUG] Identified candidate component class: file [/Users/huhu.shi/Documents/workspace/spring-retry/target/classes/cn/huhu/web/service/impl/RetryServiceImpl.class]
30:15.579[AbstractBeanDefinitionReader.java:216:DEBUG] Loaded 15 bean definitions from location pattern [classpath:applicationContext.xml]
30:15.579[XmlBeanDefinitionReader.java:315:INFO ] Loading XML bean definitions from class path resource [spring-mvc.xml]
30:15.581[DefaultDocumentLoader.java:72 :DEBUG] Using JAXP provider [com.sun.org.apache.xerces.internal.jaxp.DocumentBuilderFactoryImpl]
30:15.583[PluggableSchemaResolver.java:118:DEBUG] Found XML schema [http://www.springframework.org/schema/beans/spring-beans-3.0.xsd] in classpath: org/springframework/beans/factory/xml/spring-beans-3.0.xsd
30:15.596[PluggableSchemaResolver.java:118:DEBUG] Found XML schema [http://www.springframework.org/schema/context/spring-context-3.0.xsd] in classpath: org/springframework/context/config/spring-context-3.0.xsd
30:15.598[PluggableSchemaResolver.java:118:DEBUG] Found XML schema [http://www.springframework.org/schema/tool/spring-tool-3.0.xsd] in classpath: org/springframework/beans/factory/xml/spring-tool-3.0.xsd
30:15.603[DefaultBeanDefinitionDocumentReader.java:108:DEBUG] Loading bean definitions
30:15.607[PathMatchingResourcePatternResolver.java:550:DEBUG] Looking for matching resources in directory tree [/Users/huhu.shi/Documents/workspace/spring-retry/target/classes/cn/huhu]
30:15.608[PathMatchingResourcePatternResolver.java:612:DEBUG] Searching directory [/Users/huhu.shi/Documents/workspace/spring-retry/target/classes/cn/huhu] for files matching pattern [/Users/huhu.shi/Documents/workspace/spring-retry/target/classes/cn/huhu/**/*.class]
30:15.609[PathMatchingResourcePatternResolver.java:612:DEBUG] Searching directory [/Users/huhu.shi/Documents/workspace/spring-retry/target/classes/cn/huhu/web] for files matching pattern [/Users/huhu.shi/Documents/workspace/spring-retry/target/classes/cn/huhu/**/*.class]
30:15.610[PathMatchingResourcePatternResolver.java:612:DEBUG] Searching directory [/Users/huhu.shi/Documents/workspace/spring-retry/target/classes/cn/huhu/web/test] for files matching pattern [/Users/huhu.shi/Documents/workspace/spring-retry/target/classes/cn/huhu/**/*.class]
30:15.611[PathMatchingResourcePatternResolver.java:612:DEBUG] Searching directory [/Users/huhu.shi/Documents/workspace/spring-retry/target/classes/cn/huhu/web/config] for files matching pattern [/Users/huhu.shi/Documents/workspace/spring-retry/target/classes/cn/huhu/**/*.class]
30:15.614[PathMatchingResourcePatternResolver.java:612:DEBUG] Searching directory [/Users/huhu.shi/Documents/workspace/spring-retry/target/classes/cn/huhu/web/controller] for files matching pattern [/Users/huhu.shi/Documents/workspace/spring-retry/target/classes/cn/huhu/**/*.class]
30:15.615[PathMatchingResourcePatternResolver.java:612:DEBUG] Searching directory [/Users/huhu.shi/Documents/workspace/spring-retry/target/classes/cn/huhu/web/service] for files matching pattern [/Users/huhu.shi/Documents/workspace/spring-retry/target/classes/cn/huhu/**/*.class]
30:15.616[PathMatchingResourcePatternResolver.java:612:DEBUG] Searching directory [/Users/huhu.shi/Documents/workspace/spring-retry/target/classes/cn/huhu/web/service/impl] for files matching pattern [/Users/huhu.shi/Documents/workspace/spring-retry/target/classes/cn/huhu/**/*.class]
30:15.618[PathMatchingResourcePatternResolver.java:351:DEBUG] Resolved location pattern [classpath*:cn/huhu/**/*.class] to resources [file [/Users/huhu.shi/Documents/workspace/spring-retry/target/classes/cn/huhu/web/test/TestRetryService.class], file [/Users/huhu.shi/Documents/workspace/spring-retry/target/classes/cn/huhu/web/config/RetryConfig.class], file [/Users/huhu.shi/Documents/workspace/spring-retry/target/classes/cn/huhu/web/controller/IndexController.class], file [/Users/huhu.shi/Documents/workspace/spring-retry/target/classes/cn/huhu/web/service/impl/RetryServiceImpl.class], file [/Users/huhu.shi/Documents/workspace/spring-retry/target/classes/cn/huhu/web/service/RetryService.class]]
30:15.621[ClassPathScanningCandidateComponentProvider.java:244:DEBUG] Identified candidate component class: file [/Users/huhu.shi/Documents/workspace/spring-retry/target/classes/cn/huhu/web/config/RetryConfig.class]
30:15.623[ClassPathScanningCandidateComponentProvider.java:244:DEBUG] Identified candidate component class: file [/Users/huhu.shi/Documents/workspace/spring-retry/target/classes/cn/huhu/web/controller/IndexController.class]
30:15.630[BeanDefinitionParserDelegate.java:497:DEBUG] Neither XML 'id' nor 'name' specified - using generated bean name [org.springframework.web.servlet.mvc.annotation.AnnotationMethodHandlerAdapter#0]
30:15.633[BeanDefinitionParserDelegate.java:497:DEBUG] Neither XML 'id' nor 'name' specified - using generated bean name [org.springframework.web.servlet.i18n.LocaleChangeInterceptor#0]
30:15.634[AbstractBeanDefinitionReader.java:216:DEBUG] Loaded 5 bean definitions from location pattern [classpath:spring-mvc.xml]
30:15.639[AbstractApplicationContext.java:500:INFO ] Refreshing org.springframework.context.support.GenericApplicationContext@4439f31e: startup date [Thu Dec 03 12:30:15 CHOT 2020]; root of context hierarchy
30:15.640[AbstractApplicationContext.java:530:DEBUG] Bean factory for org.springframework.context.support.GenericApplicationContext@4439f31e: org.springframework.beans.factory.support.DefaultListableBeanFactory@797badd3: defining beans [retryConfig,indexController,retryServiceImpl,org.springframework.context.annotation.internalConfigurationAnnotationProcessor,org.springframework.context.annotation.internalAutowiredAnnotationProcessor,org.springframework.context.annotation.internalRequiredAnnotationProcessor,org.springframework.context.annotation.internalCommonAnnotationProcessor,org.springframework.context.support.PropertySourcesPlaceholderConfigurer#0,dataSource,org.springframework.aop.config.internalAutoProxyCreator,jdbcTemplate,txManager,org.springframework.transaction.annotation.AnnotationTransactionAttributeSource#0,org.springframework.transaction.interceptor.TransactionInterceptor#0,org.springframework.transaction.config.internalTransactionAdvisor,org.springframework.web.servlet.mvc.annotation.AnnotationMethodHandlerAdapter#0,mappingJacksonHttpMessageConverter,utf8StringHttpMessageConverter,viewResolver,org.springframework.web.servlet.i18n.LocaleChangeInterceptor#0]; root of factory hierarchy
30:15.693[DefaultSingletonBeanRegistry.java:217:DEBUG] Creating shared instance of singleton bean 'org.springframework.context.annotation.internalConfigurationAnnotationProcessor'
30:15.694[AbstractAutowireCapableBeanFactory.java:430:DEBUG] Creating instance of bean 'org.springframework.context.annotation.internalConfigurationAnnotationProcessor'
30:15.725[AbstractAutowireCapableBeanFactory.java:504:DEBUG] Eagerly caching bean 'org.springframework.context.annotation.internalConfigurationAnnotationProcessor' to allow for resolving potential circular references
30:15.727[AbstractAutowireCapableBeanFactory.java:458:DEBUG] Finished creating instance of bean 'org.springframework.context.annotation.internalConfigurationAnnotationProcessor'
30:15.802[ConfigurationClassBeanDefinitionReader.java:151:DEBUG] Registered bean definition for imported @Configuration class retryConfiguration
30:15.803[ConfigurationClassBeanDefinitionReader.java:270:DEBUG] Registering bean definition for @Bean method cn.huhu.web.config.RetryConfig.retryTemplate()
30:15.926[ConfigurationClassEnhancer.java:111:DEBUG] Successfully enhanced cn.huhu.web.config.RetryConfig; enhanced class name is: cn.huhu.web.config.RetryConfig$$EnhancerByCGLIB$$18ab92e0
30:15.927[ConfigurationClassPostProcessor.java:339:DEBUG] Replacing bean definition 'retryConfig' existing class name 'cn.huhu.web.config.RetryConfig' with enhanced class name 'cn.huhu.web.config.RetryConfig$$EnhancerByCGLIB$$18ab92e0'
30:15.931[ConfigurationClassEnhancer.java:111:DEBUG] Successfully enhanced org.springframework.retry.annotation.RetryConfiguration; enhanced class name is: org.springframework.retry.annotation.RetryConfiguration$$EnhancerByCGLIB$$bed56d17
30:15.932[ConfigurationClassPostProcessor.java:339:DEBUG] Replacing bean definition 'retryConfiguration' existing class name 'org.springframework.retry.annotation.RetryConfiguration' with enhanced class name 'org.springframework.retry.annotation.RetryConfiguration$$EnhancerByCGLIB$$bed56d17'
30:15.934[DefaultSingletonBeanRegistry.java:217:DEBUG] Creating shared instance of singleton bean 'org.springframework.context.support.PropertySourcesPlaceholderConfigurer#0'
30:15.934[AbstractAutowireCapableBeanFactory.java:430:DEBUG] Creating instance of bean 'org.springframework.context.support.PropertySourcesPlaceholderConfigurer#0'
30:15.935[AbstractAutowireCapableBeanFactory.java:504:DEBUG] Eagerly caching bean 'org.springframework.context.support.PropertySourcesPlaceholderConfigurer#0' to allow for resolving potential circular references
30:15.950[AbstractAutowireCapableBeanFactory.java:458:DEBUG] Finished creating instance of bean 'org.springframework.context.support.PropertySourcesPlaceholderConfigurer#0'
30:15.950[MutablePropertySources.java:104:DEBUG] Adding [environmentProperties] PropertySource with lowest search precedence
30:15.950[PropertiesLoaderSupport.java:177:INFO ] Loading properties file from class path resource [jdbc.properties]
30:15.951[MutablePropertySources.java:104:DEBUG] Adding [localProperties] PropertySource with lowest search precedence
30:15.953[PropertySourcesPropertyResolver.java:70 :DEBUG] Searching for key 'jdbc.driverClassName' in [environmentProperties]
30:15.953[PropertySourcesPropertyResolver.java:70 :DEBUG] Searching for key 'jdbc.driverClassName' in [systemProperties]
30:15.953[PropertySourcesPropertyResolver.java:70 :DEBUG] Searching for key 'jdbc.driverClassName' in [systemEnvironment]
30:15.954[PropertySourcesPropertyResolver.java:93 :DEBUG] Could not find key 'jdbc.driverClassName' in any property source. Returning [null]
30:15.954[PropertySourcesPropertyResolver.java:70 :DEBUG] Searching for key 'jdbc.driverClassName' in [localProperties]
30:15.954[PropertySourcesPropertyResolver.java:79 :DEBUG] Found key 'jdbc.driverClassName' in [localProperties] with type [String] and value 'com.mysql.jdbc.Driver'
30:15.955[PropertySourcesPropertyResolver.java:70 :DEBUG] Searching for key 'jdbc.password' in [environmentProperties]
30:15.955[PropertySourcesPropertyResolver.java:70 :DEBUG] Searching for key 'jdbc.password' in [systemProperties]
30:15.956[PropertySourcesPropertyResolver.java:70 :DEBUG] Searching for key 'jdbc.password' in [systemEnvironment]
30:15.956[PropertySourcesPropertyResolver.java:93 :DEBUG] Could not find key 'jdbc.password' in any property source. Returning [null]
30:15.956[PropertySourcesPropertyResolver.java:70 :DEBUG] Searching for key 'jdbc.password' in [localProperties]
30:15.956[PropertySourcesPropertyResolver.java:79 :DEBUG] Found key 'jdbc.password' in [localProperties] with type [String] and value '123456'
30:15.956[PropertySourcesPropertyResolver.java:70 :DEBUG] Searching for key 'jdbc.url' in [environmentProperties]
30:15.957[PropertySourcesPropertyResolver.java:70 :DEBUG] Searching for key 'jdbc.url' in [systemProperties]
30:15.957[PropertySourcesPropertyResolver.java:70 :DEBUG] Searching for key 'jdbc.url' in [systemEnvironment]
30:15.957[PropertySourcesPropertyResolver.java:93 :DEBUG] Could not find key 'jdbc.url' in any property source. Returning [null]
30:15.957[PropertySourcesPropertyResolver.java:70 :DEBUG] Searching for key 'jdbc.url' in [localProperties]
30:15.958[PropertySourcesPropertyResolver.java:79 :DEBUG] Found key 'jdbc.url' in [localProperties] with type [String] and value 'jdbc:mysql://127.0.0.1:3306/onlineBookShop?characterEncoding=utf-8'
30:15.958[PropertySourcesPropertyResolver.java:70 :DEBUG] Searching for key 'jdbc.username' in [environmentProperties]
30:15.958[PropertySourcesPropertyResolver.java:70 :DEBUG] Searching for key 'jdbc.username' in [systemProperties]
30:15.958[PropertySourcesPropertyResolver.java:70 :DEBUG] Searching for key 'jdbc.username' in [systemEnvironment]
30:15.958[PropertySourcesPropertyResolver.java:93 :DEBUG] Could not find key 'jdbc.username' in any property source. Returning [null]
30:15.959[PropertySourcesPropertyResolver.java:70 :DEBUG] Searching for key 'jdbc.username' in [localProperties]
30:15.959[PropertySourcesPropertyResolver.java:79 :DEBUG] Found key 'jdbc.username' in [localProperties] with type [String] and value 'root'
30:15.961[DefaultSingletonBeanRegistry.java:217:DEBUG] Creating shared instance of singleton bean 'org.springframework.context.annotation.internalAutowiredAnnotationProcessor'
30:15.962[AbstractAutowireCapableBeanFactory.java:430:DEBUG] Creating instance of bean 'org.springframework.context.annotation.internalAutowiredAnnotationProcessor'
30:15.962[AbstractAutowireCapableBeanFactory.java:504:DEBUG] Eagerly caching bean 'org.springframework.context.annotation.internalAutowiredAnnotationProcessor' to allow for resolving potential circular references
30:15.962[AbstractAutowireCapableBeanFactory.java:458:DEBUG] Finished creating instance of bean 'org.springframework.context.annotation.internalAutowiredAnnotationProcessor'
30:15.962[DefaultSingletonBeanRegistry.java:217:DEBUG] Creating shared instance of singleton bean 'org.springframework.context.annotation.internalRequiredAnnotationProcessor'
30:15.963[AbstractAutowireCapableBeanFactory.java:430:DEBUG] Creating instance of bean 'org.springframework.context.annotation.internalRequiredAnnotationProcessor'
30:15.963[AbstractAutowireCapableBeanFactory.java:504:DEBUG] Eagerly caching bean 'org.springframework.context.annotation.internalRequiredAnnotationProcessor' to allow for resolving potential circular references
30:15.963[AbstractAutowireCapableBeanFactory.java:458:DEBUG] Finished creating instance of bean 'org.springframework.context.annotation.internalRequiredAnnotationProcessor'
30:15.963[DefaultSingletonBeanRegistry.java:217:DEBUG] Creating shared instance of singleton bean 'org.springframework.context.annotation.internalCommonAnnotationProcessor'
30:15.963[AbstractAutowireCapableBeanFactory.java:430:DEBUG] Creating instance of bean 'org.springframework.context.annotation.internalCommonAnnotationProcessor'
30:15.966[AbstractAutowireCapableBeanFactory.java:504:DEBUG] Eagerly caching bean 'org.springframework.context.annotation.internalCommonAnnotationProcessor' to allow for resolving potential circular references
30:15.966[AbstractAutowireCapableBeanFactory.java:458:DEBUG] Finished creating instance of bean 'org.springframework.context.annotation.internalCommonAnnotationProcessor'
30:15.967[DefaultSingletonBeanRegistry.java:217:DEBUG] Creating shared instance of singleton bean 'org.springframework.context.annotation.ConfigurationClassPostProcessor$ImportAwareBeanPostProcessor#0'
30:15.967[AbstractAutowireCapableBeanFactory.java:430:DEBUG] Creating instance of bean 'org.springframework.context.annotation.ConfigurationClassPostProcessor$ImportAwareBeanPostProcessor#0'
30:15.967[AbstractAutowireCapableBeanFactory.java:504:DEBUG] Eagerly caching bean 'org.springframework.context.annotation.ConfigurationClassPostProcessor$ImportAwareBeanPostProcessor#0' to allow for resolving potential circular references
30:15.967[AbstractAutowireCapableBeanFactory.java:458:DEBUG] Finished creating instance of bean 'org.springframework.context.annotation.ConfigurationClassPostProcessor$ImportAwareBeanPostProcessor#0'
30:15.967[DefaultSingletonBeanRegistry.java:217:DEBUG] Creating shared instance of singleton bean 'org.springframework.aop.config.internalAutoProxyCreator'
30:15.967[AbstractAutowireCapableBeanFactory.java:430:DEBUG] Creating instance of bean 'org.springframework.aop.config.internalAutoProxyCreator'
30:15.977[AbstractAutowireCapableBeanFactory.java:504:DEBUG] Eagerly caching bean 'org.springframework.aop.config.internalAutoProxyCreator' to allow for resolving potential circular references
30:15.991[AbstractAutowireCapableBeanFactory.java:458:DEBUG] Finished creating instance of bean 'org.springframework.aop.config.internalAutoProxyCreator'
30:15.993[AbstractApplicationContext.java:799:DEBUG] Unable to locate MessageSource with name 'messageSource': using default [org.springframework.context.support.DelegatingMessageSource@702657cc]
30:15.995[AbstractApplicationContext.java:823:DEBUG] Unable to locate ApplicationEventMulticaster with name 'applicationEventMulticaster': using default [org.springframework.context.event.SimpleApplicationEventMulticaster@7586beff]
30:15.997[DefaultListableBeanFactory.java:581:INFO ] Pre-instantiating singletons in org.springframework.beans.factory.support.DefaultListableBeanFactory@797badd3: defining beans [retryConfig,indexController,retryServiceImpl,org.springframework.context.annotation.internalConfigurationAnnotationProcessor,org.springframework.context.annotation.internalAutowiredAnnotationProcessor,org.springframework.context.annotation.internalRequiredAnnotationProcessor,org.springframework.context.annotation.internalCommonAnnotationProcessor,org.springframework.context.support.PropertySourcesPlaceholderConfigurer#0,dataSource,org.springframework.aop.config.internalAutoProxyCreator,jdbcTemplate,txManager,org.springframework.transaction.annotation.AnnotationTransactionAttributeSource#0,org.springframework.transaction.interceptor.TransactionInterceptor#0,org.springframework.transaction.config.internalTransactionAdvisor,org.springframework.web.servlet.mvc.annotation.AnnotationMethodHandlerAdapter#0,mappingJacksonHttpMessageConverter,utf8StringHttpMessageConverter,viewResolver,org.springframework.web.servlet.i18n.LocaleChangeInterceptor#0,org.springframework.context.annotation.ConfigurationClassPostProcessor$ImportAwareBeanPostProcessor#0,retryConfiguration,retryTemplate]; root of factory hierarchy
30:15.997[DefaultSingletonBeanRegistry.java:217:DEBUG] Creating shared instance of singleton bean 'retryConfig'
30:15.997[AbstractAutowireCapableBeanFactory.java:430:DEBUG] Creating instance of bean 'retryConfig'
30:16.001[DefaultSingletonBeanRegistry.java:217:DEBUG] Creating shared instance of singleton bean 'org.springframework.transaction.config.internalTransactionAdvisor'
30:16.001[AbstractAutowireCapableBeanFactory.java:430:DEBUG] Creating instance of bean 'org.springframework.transaction.config.internalTransactionAdvisor'
30:16.002[AbstractAutowireCapableBeanFactory.java:504:DEBUG] Eagerly caching bean 'org.springframework.transaction.config.internalTransactionAdvisor' to allow for resolving potential circular references
30:16.014[DefaultSingletonBeanRegistry.java:217:DEBUG] Creating shared instance of singleton bean 'org.springframework.transaction.annotation.AnnotationTransactionAttributeSource#0'
30:16.014[AbstractAutowireCapableBeanFactory.java:430:DEBUG] Creating instance of bean 'org.springframework.transaction.annotation.AnnotationTransactionAttributeSource#0'
30:16.015[DefaultSingletonBeanRegistry.java:217:DEBUG] Creating shared instance of singleton bean 'retryConfiguration'
30:16.015[AbstractAutowireCapableBeanFactory.java:430:DEBUG] Creating instance of bean 'retryConfiguration'
30:16.016[InitDestroyAnnotationBeanPostProcessor.java:202:DEBUG] Found init method on class [org.springframework.retry.annotation.RetryConfiguration$$EnhancerByCGLIB$$bed56d17]: public void org.springframework.retry.annotation.RetryConfiguration.init()
30:16.018[InitDestroyAnnotationBeanPostProcessor.java:253:DEBUG] Found init method on class [org.springframework.retry.annotation.RetryConfiguration$$EnhancerByCGLIB$$bed56d17]: org.springframework.beans.factory.annotation.InitDestroyAnnotationBeanPostProcessor$LifecycleElement@316510
30:16.022[  InjectionMetadata.java:60 :DEBUG] Found injected element on class [org.springframework.retry.annotation.RetryConfiguration$$EnhancerByCGLIB$$bed56d17]: AutowiredFieldElement for private org.springframework.retry.policy.RetryContextCache org.springframework.retry.annotation.RetryConfiguration.retryContextCache
30:16.022[  InjectionMetadata.java:60 :DEBUG] Found injected element on class [org.springframework.retry.annotation.RetryConfiguration$$EnhancerByCGLIB$$bed56d17]: AutowiredFieldElement for private java.util.List org.springframework.retry.annotation.RetryConfiguration.retryListeners
30:16.022[  InjectionMetadata.java:60 :DEBUG] Found injected element on class [org.springframework.retry.annotation.RetryConfiguration$$EnhancerByCGLIB$$bed56d17]: AutowiredFieldElement for private org.springframework.retry.interceptor.MethodArgumentsKeyGenerator org.springframework.retry.annotation.RetryConfiguration.methodArgumentsKeyGenerator
30:16.023[  InjectionMetadata.java:60 :DEBUG] Found injected element on class [org.springframework.retry.annotation.RetryConfiguration$$EnhancerByCGLIB$$bed56d17]: AutowiredFieldElement for private org.springframework.retry.interceptor.NewMethodArgumentsIdentifier org.springframework.retry.annotation.RetryConfiguration.newMethodArgumentsIdentifier
30:16.023[  InjectionMetadata.java:60 :DEBUG] Found injected element on class [org.springframework.retry.annotation.RetryConfiguration$$EnhancerByCGLIB$$bed56d17]: AutowiredFieldElement for private org.springframework.retry.backoff.Sleeper org.springframework.retry.annotation.RetryConfiguration.sleeper
30:16.023[AbstractAutowireCapableBeanFactory.java:504:DEBUG] Eagerly caching bean 'retryConfiguration' to allow for resolving potential circular references
30:16.032[  InjectionMetadata.java:85 :DEBUG] Processing injected method of bean 'retryConfiguration': AutowiredFieldElement for private org.springframework.retry.policy.RetryContextCache org.springframework.retry.annotation.RetryConfiguration.retryContextCache
30:16.034[  InjectionMetadata.java:85 :DEBUG] Processing injected method of bean 'retryConfiguration': AutowiredFieldElement for private java.util.List org.springframework.retry.annotation.RetryConfiguration.retryListeners
30:16.036[  InjectionMetadata.java:85 :DEBUG] Processing injected method of bean 'retryConfiguration': AutowiredFieldElement for private org.springframework.retry.interceptor.MethodArgumentsKeyGenerator org.springframework.retry.annotation.RetryConfiguration.methodArgumentsKeyGenerator
30:16.037[  InjectionMetadata.java:85 :DEBUG] Processing injected method of bean 'retryConfiguration': AutowiredFieldElement for private org.springframework.retry.interceptor.NewMethodArgumentsIdentifier org.springframework.retry.annotation.RetryConfiguration.newMethodArgumentsIdentifier
30:16.037[  InjectionMetadata.java:85 :DEBUG] Processing injected method of bean 'retryConfiguration': AutowiredFieldElement for private org.springframework.retry.backoff.Sleeper org.springframework.retry.annotation.RetryConfiguration.sleeper
30:16.038[InitDestroyAnnotationBeanPostProcessor.java:297:DEBUG] Invoking init method on bean 'retryConfiguration': public void org.springframework.retry.annotation.RetryConfiguration.init()
30:16.061[AbstractAutowireCapableBeanFactory.java:458:DEBUG] Finished creating instance of bean 'retryConfiguration'
30:16.070[AbstractAutowireCapableBeanFactory.java:504:DEBUG] Eagerly caching bean 'org.springframework.transaction.annotation.AnnotationTransactionAttributeSource#0' to allow for resolving potential circular references
30:16.076[AbstractBeanFactory.java:245:DEBUG] Returning cached instance of singleton bean 'retryConfiguration'
30:16.077[AbstractBeanFactory.java:245:DEBUG] Returning cached instance of singleton bean 'retryConfiguration'
30:16.082[AbstractAutowireCapableBeanFactory.java:458:DEBUG] Finished creating instance of bean 'org.springframework.transaction.annotation.AnnotationTransactionAttributeSource#0'
30:16.083[AbstractAutowireCapableBeanFactory.java:458:DEBUG] Finished creating instance of bean 'org.springframework.transaction.config.internalTransactionAdvisor'
30:16.084[AbstractBeanFactory.java:245:DEBUG] Returning cached instance of singleton bean 'retryConfiguration'
30:16.085[AbstractAutowireCapableBeanFactory.java:504:DEBUG] Eagerly caching bean 'retryConfig' to allow for resolving potential circular references
30:16.090[AbstractBeanFactory.java:245:DEBUG] Returning cached instance of singleton bean 'org.springframework.transaction.config.internalTransactionAdvisor'
30:16.090[AbstractBeanFactory.java:245:DEBUG] Returning cached instance of singleton bean 'retryConfiguration'
30:16.090[AbstractBeanFactory.java:245:DEBUG] Returning cached instance of singleton bean 'org.springframework.transaction.config.internalTransactionAdvisor'
30:16.091[AbstractBeanFactory.java:245:DEBUG] Returning cached instance of singleton bean 'retryConfiguration'
30:16.094[AbstractAutowireCapableBeanFactory.java:458:DEBUG] Finished creating instance of bean 'retryConfig'
30:16.094[DefaultSingletonBeanRegistry.java:217:DEBUG] Creating shared instance of singleton bean 'indexController'
30:16.095[AbstractAutowireCapableBeanFactory.java:430:DEBUG] Creating instance of bean 'indexController'
30:16.095[AbstractBeanFactory.java:245:DEBUG] Returning cached instance of singleton bean 'org.springframework.transaction.config.internalTransactionAdvisor'
30:16.095[AbstractBeanFactory.java:245:DEBUG] Returning cached instance of singleton bean 'retryConfiguration'
30:16.097[  InjectionMetadata.java:60 :DEBUG] Found injected element on class [cn.huhu.web.controller.IndexController]: AutowiredFieldElement for private cn.huhu.web.service.RetryService cn.huhu.web.controller.IndexController.retryService
30:16.098[AbstractAutowireCapableBeanFactory.java:504:DEBUG] Eagerly caching bean 'indexController' to allow for resolving potential circular references
30:16.101[  InjectionMetadata.java:85 :DEBUG] Processing injected method of bean 'indexController': AutowiredFieldElement for private cn.huhu.web.service.RetryService cn.huhu.web.controller.IndexController.retryService
30:16.102[DefaultSingletonBeanRegistry.java:217:DEBUG] Creating shared instance of singleton bean 'retryServiceImpl'
30:16.102[AbstractAutowireCapableBeanFactory.java:430:DEBUG] Creating instance of bean 'retryServiceImpl'
30:16.103[AbstractBeanFactory.java:245:DEBUG] Returning cached instance of singleton bean 'org.springframework.transaction.config.internalTransactionAdvisor'
30:16.103[AbstractBeanFactory.java:245:DEBUG] Returning cached instance of singleton bean 'retryConfiguration'
30:16.115[AbstractAutowireCapableBeanFactory.java:504:DEBUG] Eagerly caching bean 'retryServiceImpl' to allow for resolving potential circular references
30:16.119[AbstractBeanFactory.java:245:DEBUG] Returning cached instance of singleton bean 'org.springframework.transaction.config.internalTransactionAdvisor'
30:16.119[AbstractBeanFactory.java:245:DEBUG] Returning cached instance of singleton bean 'retryConfiguration'
30:16.120[AbstractBeanFactory.java:245:DEBUG] Returning cached instance of singleton bean 'org.springframework.transaction.config.internalTransactionAdvisor'
30:16.121[AbstractBeanFactory.java:245:DEBUG] Returning cached instance of singleton bean 'retryConfiguration'
30:16.131[AbstractAutoProxyCreator.java:537:DEBUG] Creating implicit proxy for bean 'retryServiceImpl' with 0 common interceptors and 1 specific interceptors
30:16.134[ JdkDynamicAopProxy.java:113:DEBUG] Creating JDK dynamic proxy: target source is SingletonTargetSource for target object [cn.huhu.web.service.impl.RetryServiceImpl@2898ac89]
30:16.137[AbstractAutowireCapableBeanFactory.java:458:DEBUG] Finished creating instance of bean 'retryServiceImpl'
30:16.139[AutowiredAnnotationBeanPostProcessor.java:424:DEBUG] Autowiring by type from bean name 'indexController' to bean named 'retryServiceImpl'
30:16.140[AbstractBeanFactory.java:245:DEBUG] Returning cached instance of singleton bean 'org.springframework.transaction.config.internalTransactionAdvisor'
30:16.140[AbstractBeanFactory.java:245:DEBUG] Returning cached instance of singleton bean 'retryConfiguration'
30:16.140[AbstractBeanFactory.java:245:DEBUG] Returning cached instance of singleton bean 'org.springframework.transaction.config.internalTransactionAdvisor'
30:16.141[AbstractBeanFactory.java:245:DEBUG] Returning cached instance of singleton bean 'retryConfiguration'
30:16.141[AbstractAutowireCapableBeanFactory.java:458:DEBUG] Finished creating instance of bean 'indexController'
30:16.141[AbstractBeanFactory.java:245:DEBUG] Returning cached instance of singleton bean 'retryServiceImpl'
30:16.141[AbstractBeanFactory.java:245:DEBUG] Returning cached instance of singleton bean 'org.springframework.context.annotation.internalConfigurationAnnotationProcessor'
30:16.142[AbstractBeanFactory.java:245:DEBUG] Returning cached instance of singleton bean 'org.springframework.context.annotation.internalAutowiredAnnotationProcessor'
30:16.142[AbstractBeanFactory.java:245:DEBUG] Returning cached instance of singleton bean 'org.springframework.context.annotation.internalRequiredAnnotationProcessor'
30:16.142[AbstractBeanFactory.java:245:DEBUG] Returning cached instance of singleton bean 'org.springframework.context.annotation.internalCommonAnnotationProcessor'
30:16.142[AbstractBeanFactory.java:245:DEBUG] Returning cached instance of singleton bean 'org.springframework.context.support.PropertySourcesPlaceholderConfigurer#0'
30:16.142[DefaultSingletonBeanRegistry.java:217:DEBUG] Creating shared instance of singleton bean 'dataSource'
30:16.142[AbstractAutowireCapableBeanFactory.java:430:DEBUG] Creating instance of bean 'dataSource'
30:16.142[AbstractBeanFactory.java:245:DEBUG] Returning cached instance of singleton bean 'org.springframework.transaction.config.internalTransactionAdvisor'
30:16.143[AbstractBeanFactory.java:245:DEBUG] Returning cached instance of singleton bean 'retryConfiguration'
30:16.155[AbstractAutowireCapableBeanFactory.java:504:DEBUG] Eagerly caching bean 'dataSource' to allow for resolving potential circular references
30:16.164[AbstractBeanFactory.java:245:DEBUG] Returning cached instance of singleton bean 'org.springframework.transaction.config.internalTransactionAdvisor'
30:16.164[AbstractBeanFactory.java:245:DEBUG] Returning cached instance of singleton bean 'retryConfiguration'
30:16.165[AbstractBeanFactory.java:245:DEBUG] Returning cached instance of singleton bean 'org.springframework.transaction.config.internalTransactionAdvisor'
30:16.165[AbstractBeanFactory.java:245:DEBUG] Returning cached instance of singleton bean 'retryConfiguration'
30:16.166[AbstractAutowireCapableBeanFactory.java:458:DEBUG] Finished creating instance of bean 'dataSource'
30:16.166[AbstractBeanFactory.java:245:DEBUG] Returning cached instance of singleton bean 'org.springframework.aop.config.internalAutoProxyCreator'
30:16.166[DefaultSingletonBeanRegistry.java:217:DEBUG] Creating shared instance of singleton bean 'jdbcTemplate'
30:16.166[AbstractAutowireCapableBeanFactory.java:430:DEBUG] Creating instance of bean 'jdbcTemplate'
30:16.166[AbstractBeanFactory.java:245:DEBUG] Returning cached instance of singleton bean 'org.springframework.transaction.config.internalTransactionAdvisor'
30:16.167[AbstractBeanFactory.java:245:DEBUG] Returning cached instance of singleton bean 'retryConfiguration'
30:16.176[AbstractAutowireCapableBeanFactory.java:504:DEBUG] Eagerly caching bean 'jdbcTemplate' to allow for resolving potential circular references
30:16.186[AbstractBeanFactory.java:245:DEBUG] Returning cached instance of singleton bean 'dataSource'
30:16.186[AbstractAutowireCapableBeanFactory.java:1498:DEBUG] Invoking afterPropertiesSet() on bean with name 'jdbcTemplate'
30:16.186[AbstractBeanFactory.java:245:DEBUG] Returning cached instance of singleton bean 'org.springframework.transaction.config.internalTransactionAdvisor'
30:16.186[AbstractBeanFactory.java:245:DEBUG] Returning cached instance of singleton bean 'retryConfiguration'
30:16.186[AbstractBeanFactory.java:245:DEBUG] Returning cached instance of singleton bean 'org.springframework.transaction.config.internalTransactionAdvisor'
30:16.186[AbstractBeanFactory.java:245:DEBUG] Returning cached instance of singleton bean 'retryConfiguration'
30:16.190[AbstractAutowireCapableBeanFactory.java:458:DEBUG] Finished creating instance of bean 'jdbcTemplate'
30:16.191[DefaultSingletonBeanRegistry.java:217:DEBUG] Creating shared instance of singleton bean 'txManager'
30:16.191[AbstractAutowireCapableBeanFactory.java:430:DEBUG] Creating instance of bean 'txManager'
30:16.191[AbstractBeanFactory.java:245:DEBUG] Returning cached instance of singleton bean 'org.springframework.transaction.config.internalTransactionAdvisor'
30:16.191[AbstractBeanFactory.java:245:DEBUG] Returning cached instance of singleton bean 'retryConfiguration'
30:16.195[AbstractAutowireCapableBeanFactory.java:504:DEBUG] Eagerly caching bean 'txManager' to allow for resolving potential circular references
30:16.198[AbstractBeanFactory.java:245:DEBUG] Returning cached instance of singleton bean 'dataSource'
30:16.199[AbstractAutowireCapableBeanFactory.java:1498:DEBUG] Invoking afterPropertiesSet() on bean with name 'txManager'
30:16.200[AbstractBeanFactory.java:245:DEBUG] Returning cached instance of singleton bean 'org.springframework.transaction.config.internalTransactionAdvisor'
30:16.200[AbstractBeanFactory.java:245:DEBUG] Returning cached instance of singleton bean 'retryConfiguration'
30:16.200[AbstractBeanFactory.java:245:DEBUG] Returning cached instance of singleton bean 'org.springframework.transaction.config.internalTransactionAdvisor'
30:16.200[AbstractBeanFactory.java:245:DEBUG] Returning cached instance of singleton bean 'retryConfiguration'
30:16.201[AbstractAutowireCapableBeanFactory.java:458:DEBUG] Finished creating instance of bean 'txManager'
30:16.201[AbstractBeanFactory.java:245:DEBUG] Returning cached instance of singleton bean 'org.springframework.transaction.annotation.AnnotationTransactionAttributeSource#0'
30:16.201[DefaultSingletonBeanRegistry.java:217:DEBUG] Creating shared instance of singleton bean 'org.springframework.transaction.interceptor.TransactionInterceptor#0'
30:16.201[AbstractAutowireCapableBeanFactory.java:430:DEBUG] Creating instance of bean 'org.springframework.transaction.interceptor.TransactionInterceptor#0'
30:16.202[AbstractAutowireCapableBeanFactory.java:504:DEBUG] Eagerly caching bean 'org.springframework.transaction.interceptor.TransactionInterceptor#0' to allow for resolving potential circular references
30:16.204[AbstractBeanFactory.java:245:DEBUG] Returning cached instance of singleton bean 'org.springframework.transaction.annotation.AnnotationTransactionAttributeSource#0'
30:16.204[AbstractAutowireCapableBeanFactory.java:1498:DEBUG] Invoking afterPropertiesSet() on bean with name 'org.springframework.transaction.interceptor.TransactionInterceptor#0'
30:16.205[AbstractAutowireCapableBeanFactory.java:458:DEBUG] Finished creating instance of bean 'org.springframework.transaction.interceptor.TransactionInterceptor#0'
30:16.205[AbstractBeanFactory.java:245:DEBUG] Returning cached instance of singleton bean 'org.springframework.transaction.config.internalTransactionAdvisor'
30:16.205[AbstractBeanFactory.java:245:DEBUG] Returning cached instance of singleton bean 'org.springframework.context.annotation.ConfigurationClassPostProcessor$ImportAwareBeanPostProcessor#0'
30:16.205[AbstractBeanFactory.java:245:DEBUG] Returning cached instance of singleton bean 'retryConfiguration'
30:16.205[DefaultSingletonBeanRegistry.java:217:DEBUG] Creating shared instance of singleton bean 'retryTemplate'
30:16.205[AbstractAutowireCapableBeanFactory.java:430:DEBUG] Creating instance of bean 'retryTemplate'
30:16.207[AbstractBeanFactory.java:245:DEBUG] Returning cached instance of singleton bean 'retryConfig'
30:16.221[AbstractAutowireCapableBeanFactory.java:504:DEBUG] Eagerly caching bean 'retryTemplate' to allow for resolving potential circular references
30:16.223[AbstractBeanFactory.java:245:DEBUG] Returning cached instance of singleton bean 'org.springframework.transaction.config.internalTransactionAdvisor'
30:16.223[AbstractBeanFactory.java:245:DEBUG] Returning cached instance of singleton bean 'retryConfiguration'
30:16.223[AbstractBeanFactory.java:245:DEBUG] Returning cached instance of singleton bean 'org.springframework.transaction.config.internalTransactionAdvisor'
30:16.223[AbstractBeanFactory.java:245:DEBUG] Returning cached instance of singleton bean 'retryConfiguration'
30:16.223[AbstractAutowireCapableBeanFactory.java:458:DEBUG] Finished creating instance of bean 'retryTemplate'
30:16.225[AbstractApplicationContext.java:850:DEBUG] Unable to locate LifecycleProcessor with name 'lifecycleProcessor': using default [org.springframework.context.support.DefaultLifecycleProcessor@3d5c822d]
30:16.225[AbstractBeanFactory.java:245:DEBUG] Returning cached instance of singleton bean 'lifecycleProcessor'
30:16.227[        TestContext.java:150:DEBUG] Storing ApplicationContext for test class [class cn.huhu.web.test.TestRetryService] in cache under key [[MergedContextConfiguration@7225790e testClass = TestRetryService, locations = '{classpath:applicationContext.xml, classpath:spring-mvc.xml}', classes = '{}', activeProfiles = '{}', contextLoader = 'org.springframework.test.context.support.DelegatingSmartContextLoader']].
30:16.229[  InjectionMetadata.java:60 :DEBUG] Found injected element on class [cn.huhu.web.test.TestRetryService]: AutowiredFieldElement for private cn.huhu.web.service.RetryService cn.huhu.web.test.TestRetryService.retryService
30:16.230[  InjectionMetadata.java:85 :DEBUG] Processing injected method of bean 'cn.huhu.web.test.TestRetryService': AutowiredFieldElement for private cn.huhu.web.service.RetryService cn.huhu.web.test.TestRetryService.retryService
30:16.230[AbstractBeanFactory.java:245:DEBUG] Returning cached instance of singleton bean 'retryServiceImpl'
30:16.231[AutowiredAnnotationBeanPostProcessor.java:424:DEBUG] Autowiring by type from bean name 'cn.huhu.web.test.TestRetryService' to bean named 'retryServiceImpl'
30:16.231[AbstractBeanFactory.java:245:DEBUG] Returning cached instance of singleton bean 'org.springframework.transaction.config.internalTransactionAdvisor'
30:16.231[AbstractBeanFactory.java:245:DEBUG] Returning cached instance of singleton bean 'retryConfiguration'
30:16.232[AbstractBeanFactory.java:245:DEBUG] Returning cached instance of singleton bean 'org.springframework.transaction.config.internalTransactionAdvisor'
30:16.232[AbstractBeanFactory.java:245:DEBUG] Returning cached instance of singleton bean 'retryConfiguration'
30:16.241[      RetryTemplate.java:281:DEBUG] Retry: count=0
30:16.688[      RetryTemplate.java:320:DEBUG] Checking for rethrow: count=1
30:16.689[      RetryTemplate.java:281:DEBUG] Retry: count=1
30:17.080[      RetryTemplate.java:320:DEBUG] Checking for rethrow: count=2
30:17.080[      RetryTemplate.java:281:DEBUG] Retry: count=2
30:17.081[      RetryTemplate.java:320:DEBUG] Checking for rethrow: count=3
30:17.081[      RetryTemplate.java:345:DEBUG] Retry failed last attempt: count=3
30:17.081[DirtiesContextTestExecutionListener.java:86 :DEBUG] After test method: context [[TestContext@3cbbc1e0 testClass = TestRetryService, testInstance = cn.huhu.web.test.TestRetryService@35fb3008, testMethod = test1@TestRetryService, testException = [null], mergedContextConfiguration = [MergedContextConfiguration@7225790e testClass = TestRetryService, locations = '{classpath:applicationContext.xml, classpath:spring-mvc.xml}', classes = '{}', activeProfiles = '{}', contextLoader = 'org.springframework.test.context.support.DelegatingSmartContextLoader']]], class dirties context [false], class mode [null], method dirties context [false].
30:17.082[DirtiesContextTestExecutionListener.java:113:DEBUG] After test class: context [[TestContext@3cbbc1e0 testClass = TestRetryService, testInstance = [null], testMethod = [null], testException = [null], mergedContextConfiguration = [MergedContextConfiguration@7225790e testClass = TestRetryService, locations = '{classpath:applicationContext.xml, classpath:spring-mvc.xml}', classes = '{}', activeProfiles = '{}', contextLoader = 'org.springframework.test.context.support.DelegatingSmartContextLoader']]], dirtiesContext [false].
30:17.083[AbstractApplicationContext.java:1025:INFO ] Closing org.springframework.context.support.GenericApplicationContext@4439f31e: startup date [Thu Dec 03 12:30:15 CHOT 2020]; root of context hierarchy
30:17.084[AbstractBeanFactory.java:245:DEBUG] Returning cached instance of singleton bean 'lifecycleProcessor'
30:17.084[DefaultSingletonBeanRegistry.java:433:INFO ] Destroying singletons in org.springframework.beans.factory.support.DefaultListableBeanFactory@797badd3: defining beans [retryConfig,indexController,retryServiceImpl,org.springframework.context.annotation.internalConfigurationAnnotationProcessor,org.springframework.context.annotation.internalAutowiredAnnotationProcessor,org.springframework.context.annotation.internalRequiredAnnotationProcessor,org.springframework.context.annotation.internalCommonAnnotationProcessor,org.springframework.context.support.PropertySourcesPlaceholderConfigurer#0,dataSource,org.springframework.aop.config.internalAutoProxyCreator,jdbcTemplate,txManager,org.springframework.transaction.annotation.AnnotationTransactionAttributeSource#0,org.springframework.transaction.interceptor.TransactionInterceptor#0,org.springframework.transaction.config.internalTransactionAdvisor,org.springframework.web.servlet.mvc.annotation.AnnotationMethodHandlerAdapter#0,mappingJacksonHttpMessageConverter,utf8StringHttpMessageConverter,viewResolver,org.springframework.web.servlet.i18n.LocaleChangeInterceptor#0,org.springframework.context.annotation.ConfigurationClassPostProcessor$ImportAwareBeanPostProcessor#0,retryConfiguration,retryTemplate]; root of factory hierarchy
30:17.085[DisposableBeanAdapter.java:275:DEBUG] Invoking destroy method 'close' on bean with name 'dataSource'
30:17.085[DefaultSingletonBeanRegistry.java:488:DEBUG] Retrieved dependent beans for bean 'retryServiceImpl': [cn.huhu.web.test.TestRetryService]
30:17.085[DisposableBeanAdapter.java:199:DEBUG] Invoking destroy() on bean with name 'retryConfig'
30:17.085[DisposableBeanAdapter.java:199:DEBUG] Invoking destroy() on bean with name 'retryConfiguration'
